CRPBleSdkSample/sample/build/intermediates/manifest_merge_blame_file/debug/processDebugMainManifest/manifest-merger-blame-debug-report.txt
1<?xml version="1.0" encoding="utf-8"?>
2<manifest xmlns:android="http://schemas.android.com/apk/res/android"
3    package="com.crrepa.sdk.sample"
4    android:versionCode="3"
5    android:versionName="1.0" >
6
7    <uses-sdk
8        android:minSdkVersion="19"
9        android:targetSdkVersion="33" />
10
11    <uses-permission android:name="android.permission.BLUETOOTH" />
11-->src/main/AndroidManifest.xml:4:5-68
11-->src/main/AndroidManifest.xml:4:22-65
12    <uses-permission android:name="android.permission.BLUETOOTH_ADMIN" />
12-->src/main/AndroidManifest.xml:5:5-74
12-->src/main/AndroidManifest.xml:5:22-71
13    <uses-permission android:name="android.permission.BLUETOOTH_SCAN" />
13-->src/main/AndroidManifest.xml:6:5-73
13-->src/main/AndroidManifest.xml:6:22-70
14    <uses-permission android:name="android.permission.BLUETOOTH_CONNECT" />
14-->src/main/AndroidManifest.xml:7:5-76
14-->src/main/AndroidManifest.xml:7:22-73
15    <uses-permission android:name="android.permission.ACCESS_COARSE_LOCATION" />
15-->src/main/AndroidManifest.xml:8:5-81
15-->src/main/AndroidManifest.xml:8:22-78
16    <uses-permission android:name="android.permission.ACCESS_FINE_LOCATION" />
16-->src/main/AndroidManifest.xml:9:5-79
16-->src/main/AndroidManifest.xml:9:22-76
17    <uses-permission android:name="android.permission.INTERNET" />
17-->src/main/AndroidManifest.xml:10:5-67
17-->src/main/AndroidManifest.xml:10:22-64
18    <uses-permission android:name="android.permission.ACCESS_NETWORK_STATE" />
18-->src/main/AndroidManifest.xml:11:5-79
18-->src/main/AndroidManifest.xml:11:22-76
19
20    <uses-feature
20-->src/main/AndroidManifest.xml:14:5-16:35
21        android:name="android.hardware.bluetooth_le"
21-->src/main/AndroidManifest.xml:15:9-53
22        android:required="true" />
22-->src/main/AndroidManifest.xml:16:9-32
23
24    <!-- To allow starting foreground services on Android P+ - https://developer.android.com/preview/behavior-changes#fg-svc -->
25    <uses-permission android:name="android.permission.FOREGROUND_SERVICE" />
25-->[com.liulishuo.filedownloader:library:1.7.7] AndroidManifest.xml:9:5-77
25-->[com.liulishuo.filedownloader:library:1.7.7] AndroidManifest.xml:9:22-74
26
27    <permission
27-->[androidx.core:core:1.9.0] AndroidManifest.xml:22:5-24:47
28        android:name="com.crrepa.sdk.sample.DYNAMIC_RECEIVER_NOT_EXPORTED_PERMISSION"
28-->[androidx.core:core:1.9.0] AndroidManifest.xml:23:9-81
29        android:protectionLevel="signature" />
29-->[androidx.core:core:1.9.0] AndroidManifest.xml:24:9-44
30
31    <uses-permission android:name="com.crrepa.sdk.sample.DYNAMIC_RECEIVER_NOT_EXPORTED_PERMISSION" />
31-->[androidx.core:core:1.9.0] AndroidManifest.xml:26:5-97
31-->[androidx.core:core:1.9.0] AndroidManifest.xml:26:22-94
32
33    <application
33-->src/main/AndroidManifest.xml:18:5-57:19
34        android:name="com.crrepa.sdk.sample.SampleApplication"
34-->src/main/AndroidManifest.xml:19:9-42
35        android:allowBackup="true"
35-->src/main/AndroidManifest.xml:20:9-35
36        android:appComponentFactory="androidx.core.app.CoreComponentFactory"
36-->[androidx.core:core:1.9.0] AndroidManifest.xml:28:18-86
37        android:debuggable="true"
38        android:extractNativeLibs="true"
39        android:icon="@mipmap/ic_launcher"
39-->src/main/AndroidManifest.xml:21:9-43
40        android:label="@string/app_name"
40-->src/main/AndroidManifest.xml:22:9-41
41        android:supportsRtl="true"
41-->src/main/AndroidManifest.xml:23:9-35
42        android:testOnly="true"
43        android:theme="@style/AppTheme"
43-->src/main/AndroidManifest.xml:25:9-40
44        android:usesCleartextTraffic="true" >
44-->src/main/AndroidManifest.xml:24:9-44
45        <activity
45-->src/main/AndroidManifest.xml:26:9-34:20
46            android:name="com.crrepa.sdk.sample.scan.ScanActivity"
46-->src/main/AndroidManifest.xml:27:13-46
47            android:exported="true" >
47-->src/main/AndroidManifest.xml:28:13-36
48            <intent-filter>
48-->src/main/AndroidManifest.xml:29:13-33:29
49                <action android:name="android.intent.action.MAIN" />
49-->src/main/AndroidManifest.xml:30:17-69
49-->src/main/AndroidManifest.xml:30:25-66
50
51                <category android:name="android.intent.category.LAUNCHER" />
51-->src/main/AndroidManifest.xml:32:17-77
51-->src/main/AndroidManifest.xml:32:27-74
52            </intent-filter>
53        </activity>
54        <activity android:name="com.crrepa.sdk.sample.device.DeviceActivity" />
54-->src/main/AndroidManifest.xml:36:9-59
54-->src/main/AndroidManifest.xml:36:19-56
55        <activity android:name="com.crrepa.ble.trans.upgrade.NotificationActivity" />
55-->src/main/AndroidManifest.xml:38:9-86
55-->src/main/AndroidManifest.xml:38:19-83
56
57        <service android:name="com.crrepa.ble.trans.upgrade.DfuService" />
57-->src/main/AndroidManifest.xml:40:9-75
57-->src/main/AndroidManifest.xml:40:18-72
58        <service
58-->src/main/AndroidManifest.xml:42:9-45:40
59            android:name="com.sifli.siflidfu.SifliDFUService"
59-->src/main/AndroidManifest.xml:43:13-62
60            android:enabled="true"
60-->src/main/AndroidManifest.xml:44:13-35
61            android:exported="false" />
61-->src/main/AndroidManifest.xml:45:13-37
62        <service
62-->src/main/AndroidManifest.xml:47:9-50:40
63            android:name="com.sifli.watchfacelibrary.SifliWatchfaceService"
63-->src/main/AndroidManifest.xml:48:13-76
64            android:enabled="true"
64-->src/main/AndroidManifest.xml:49:13-35
65            android:exported="false" />
65-->src/main/AndroidManifest.xml:50:13-37
66        <service
66-->src/main/AndroidManifest.xml:52:9-55:40
67            android:name="com.sifli.serialtransport.serialTransService"
67-->src/main/AndroidManifest.xml:53:13-72
68            android:enabled="true"
68-->src/main/AndroidManifest.xml:54:13-35
69            android:exported="false" />
69-->src/main/AndroidManifest.xml:55:13-37
70        <service android:name="com.liulishuo.filedownloader.services.FileDownloadService$SharedMainProcessService" />
70-->[com.liulishuo.filedownloader:library:1.7.7] AndroidManifest.xml:12:9-118
70-->[com.liulishuo.filedownloader:library:1.7.7] AndroidManifest.xml:12:18-115
71        <service
71-->[com.liulishuo.filedownloader:library:1.7.7] AndroidManifest.xml:13:9-15:49
72            android:name="com.liulishuo.filedownloader.services.FileDownloadService$SeparateProcessService"
72-->[com.liulishuo.filedownloader:library:1.7.7] AndroidManifest.xml:14:13-108
73            android:process=":filedownloader" />
73-->[com.liulishuo.filedownloader:library:1.7.7] AndroidManifest.xml:15:13-46
74
75        <provider
75-->[androidx.emoji2:emoji2:1.2.0] AndroidManifest.xml:24:9-32:20
76            android:name="androidx.startup.InitializationProvider"
76-->[androidx.emoji2:emoji2:1.2.0] AndroidManifest.xml:25:13-67
77            android:authorities="com.crrepa.sdk.sample.androidx-startup"
77-->[androidx.emoji2:emoji2:1.2.0] AndroidManifest.xml:26:13-68
78            android:exported="false" >
78-->[androidx.emoji2:emoji2:1.2.0] AndroidManifest.xml:27:13-37
79            <meta-data
79-->[androidx.emoji2:emoji2:1.2.0] AndroidManifest.xml:29:13-31:52
80                android:name="androidx.emoji2.text.EmojiCompatInitializer"
80-->[androidx.emoji2:emoji2:1.2.0] AndroidManifest.xml:30:17-75
81                android:value="androidx.startup" />
81-->[androidx.emoji2:emoji2:1.2.0] AndroidManifest.xml:31:17-49
82            <meta-data
82-->[androidx.lifecycle:lifecycle-process:2.4.1] AndroidManifest.xml:31:13-33:52
83                android:name="androidx.lifecycle.ProcessLifecycleInitializer"
83-->[androidx.lifecycle:lifecycle-process:2.4.1] AndroidManifest.xml:32:17-78
84                android:value="androidx.startup" />
84-->[androidx.lifecycle:lifecycle-process:2.4.1] AndroidManifest.xml:33:17-49
85        </provider>
86    </application>
87
88</manifest>